<?xml version="1.0" encoding="UTF-8" ?>
<testsuite failures="0" time="0.056" errors="0" skipped="0" tests="20" name="com.amazon.code.question.code_question.TestCharPlusValueMethod">
  <properties>
    <property name="java.runtime.name" value="Java(TM) SE Runtime Environment"/>
    <property name="sun.boot.library.path" value="C:\jdk1.7.0_25\jre\bin"/>
    <property name="java.vm.version" value="23.25-b01"/>
    <property name="java.vm.vendor" value="Oracle Corporation"/>
    <property name="maven.multiModuleProjectDirectory" value="C:\Users\jcartlidge\eclipse-workspace\code-question"/>
    <property name="java.vendor.url" value="http://java.oracle.com/"/>
    <property name="path.separator" value=";"/>
    <property name="guice.disable.misplaced.annotation.check" value="true"/>
    <property name="java.vm.name" value="Java HotSpot(TM) 64-Bit Server VM"/>
    <property name="file.encoding.pkg" value="sun.io"/>
    <property name="user.script" value=""/>
    <property name="user.country" value="US"/>
    <property name="sun.java.launcher" value="SUN_STANDARD"/>
    <property name="sun.os.patch.level" value="Service Pack 1"/>
    <property name="java.vm.specification.name" value="Java Virtual Machine Specification"/>
    <property name="user.dir" value="C:\Users\jcartlidge\eclipse-workspace\code-question"/>
    <property name="java.runtime.version" value="1.7.0_25-b17"/>
    <property name="java.awt.graphicsenv" value="sun.awt.Win32GraphicsEnvironment"/>
    <property name="java.endorsed.dirs" value="C:\jdk1.7.0_25\jre\lib\endorsed"/>
    <property name="os.arch" value="amd64"/>
    <property name="java.io.tmpdir" value="C:\Users\JCARTL~1\AppData\Local\Temp\"/>
    <property name="line.separator" value="
"/>
    <property name="java.vm.specification.vendor" value="Oracle Corporation"/>
    <property name="user.variant" value=""/>
    <property name="os.name" value="Windows 7"/>
    <property name="classworlds.conf" value="C:\Program Files\Maven\apache-maven-3.5.2-bin\apache-maven-3.5.2\bin\..\bin\m2.conf"/>
    <property name="sun.jnu.encoding" value="Cp1252"/>
    <property name="java.library.path" value="C:\jdk1.7.0_25\bin;C:\Windows\Sun\Java\bin;C:\Windows\system32;C:\Windows;C:\Program Files (x86)\Common Files\Oracle\Java\javapath;C:\ProgramData\Oracle\Java\javapath;C:\Program Files (x86)\Intel\iCLS Client\;C:\Program Files (x86)\Gupta\Team Developer 6.3\Axis2C\Lib;C:\Program Files (x86)\Gupta\Team Developer 6.3;C:\ora1210x86\client\bin;C:\ora1210\client\bin;C:\Program Files\Intel\iCLS Client\;C:\Windows\system32;C:\Windows;C:\Windows\System32\Wbem;C:\Windows\System32\WindowsPowerShell\v1.0\;C:\Program Files\Intel\WiFi\bin\;C:\Program Files\Common Files\Intel\WirelessCommon\;C:\Windows\Centura;C:\Windows\Crystal;C:\Program Files (x86)\SAP BusinessObjects\Crystal Reports for .NET Framework 4.0\Common\SAP BusinessObjects Enterprise XI 4.0\win32_x86;C:\Program Files (x86)\Intel\UCRT\;C:\Program Files\Intel\UCRT\;C:\Program Files (x86)\Intel\Intel(R) Management Engine Components\DAL;C:\Program Files\Intel\Intel(R) Management Engine Components\DAL;C:\Program Files (x86)\Intel\Intel(R) Management Engine Components\IPT;C:\Program Files\Intel\Intel(R) Management Engine Components\IPT;C:\Program Files\Microsoft\Web Platform Installer\;C:\Program Files (x86)\Microsoft ASP.NET\ASP.NET Web Pages\v1.0\;C:\Program Files (x86)\Windows Kits\8.0\Windows Performance Toolkit\;C:\Program Files\Microsoft SQL Server\110\Tools\Binn\;C:\Program Files\Git\cmd;C:\Users\jcartlidge\Oracle\instantclient_12_2;C:\Program Files\PuTTY\;C:\Program Files\Microsoft VS Code\bin;C:\jdk1.7.0_25/bin;C:\apache-ant-1.8.2/bin;;C:\Program Files\Docker Toolbox;C:\Program Files\Microsoft VS Code\bin;C:\Program Files\Maven\apache-maven-3.5.2-bin\apache-maven-3.5.2\bin;."/>
    <property name="maven.conf" value="C:\Program Files\Maven\apache-maven-3.5.2-bin\apache-maven-3.5.2\bin\../conf"/>
    <property name="java.specification.name" value="Java Platform API Specification"/>
    <property name="java.class.version" value="51.0"/>
    <property name="sun.management.compiler" value="HotSpot 64-Bit Tiered Compilers"/>
    <property name="os.version" value="6.1"/>
    <property name="library.jansi.path" value="C:\Program Files\Maven\apache-maven-3.5.2-bin\apache-maven-3.5.2\bin\..\lib\jansi-native"/>
    <property name="user.home" value="C:\Users\jcartlidge"/>
    <property name="user.timezone" value="America/Los_Angeles"/>
    <property name="java.awt.printerjob" value="sun.awt.windows.WPrinterJob"/>
    <property name="java.specification.version" value="1.7"/>
    <property name="file.encoding" value="Cp1252"/>
    <property name="user.name" value="jcartlidge"/>
    <property name="java.class.path" value="C:\Program Files\Maven\apache-maven-3.5.2-bin\apache-maven-3.5.2\bin\..\boot\plexus-classworlds-2.5.2.jar"/>
    <property name="java.vm.specification.version" value="1.7"/>
    <property name="sun.arch.data.model" value="64"/>
    <property name="java.home" value="C:\jdk1.7.0_25\jre"/>
    <property name="sun.java.command" value="org.codehaus.plexus.classworlds.launcher.Launcher package"/>
    <property name="java.specification.vendor" value="Oracle Corporation"/>
    <property name="user.language" value="en"/>
    <property name="awt.toolkit" value="sun.awt.windows.WToolkit"/>
    <property name="java.vm.info" value="mixed mode"/>
    <property name="java.version" value="1.7.0_25"/>
    <property name="java.ext.dirs" value="C:\jdk1.7.0_25\jre\lib\ext;C:\Windows\Sun\Java\lib\ext"/>
    <property name="sun.boot.class.path" value="C:\jdk1.7.0_25\jre\lib\resources.jar;C:\jdk1.7.0_25\jre\lib\rt.jar;C:\jdk1.7.0_25\jre\lib\sunrsasign.jar;C:\jdk1.7.0_25\jre\lib\jsse.jar;C:\jdk1.7.0_25\jre\lib\jce.jar;C:\jdk1.7.0_25\jre\lib\charsets.jar;C:\jdk1.7.0_25\jre\lib\jfr.jar;C:\jdk1.7.0_25\jre\classes"/>
    <property name="java.vendor" value="Oracle Corporation"/>
    <property name="maven.home" value="C:\Program Files\Maven\apache-maven-3.5.2-bin\apache-maven-3.5.2\bin\.."/>
    <property name="file.separator" value="\"/>
    <property name="java.vendor.url.bug" value="http://bugreport.sun.com/bugreport/"/>
    <property name="sun.cpu.endian" value="little"/>
    <property name="sun.io.unicode.encoding" value="UnicodeLittle"/>
    <property name="sun.desktop" value="windows"/>
    <property name="sun.cpu.isalist" value="amd64"/>
  </properties>
  <testcase time="0.009" classname="com.amazon.code.question.code_question.TestCharPlusValueMethod" name="testEndOfList1"/>
  <testcase time="0.011" classname="com.amazon.code.question.code_question.TestCharPlusValueMethod" name="testEndOfList2"/>
  <testcase time="0.004" classname="com.amazon.code.question.code_question.TestCharPlusValueMethod" name="testEndOfList3"/>
  <testcase time="0.002" classname="com.amazon.code.question.code_question.TestCharPlusValueMethod" name="testBasicExample1"/>
  <testcase time="0.001" classname="com.amazon.code.question.code_question.TestCharPlusValueMethod" name="testBasicExample2"/>
  <testcase time="0.002" classname="com.amazon.code.question.code_question.TestCharPlusValueMethod" name="testBasicExample3"/>
  <testcase time="0.001" classname="com.amazon.code.question.code_question.TestCharPlusValueMethod" name="testBasicExample4"/>
  <testcase time="0.003" classname="com.amazon.code.question.code_question.TestCharPlusValueMethod" name="testBasicExample5"/>
  <testcase time="0.001" classname="com.amazon.code.question.code_question.TestCharPlusValueMethod" name="testNullList"/>
  <testcase time="0.001" classname="com.amazon.code.question.code_question.TestCharPlusValueMethod" name="testNumIndicesTooLarge1"/>
  <testcase time="0.001" classname="com.amazon.code.question.code_question.TestCharPlusValueMethod" name="testNumIndicesTooLarge2"/>
  <testcase time="0.001" classname="com.amazon.code.question.code_question.TestCharPlusValueMethod" name="testEmptyChar"/>
  <testcase time="0.001" classname="com.amazon.code.question.code_question.TestCharPlusValueMethod" name="testEmptyList"/>
  <testcase time="0" classname="com.amazon.code.question.code_question.TestCharPlusValueMethod" name="testMultipleSameChars"/>
  <testcase time="0.001" classname="com.amazon.code.question.code_question.TestCharPlusValueMethod" name="testValueNotInList1"/>
  <testcase time="0.001" classname="com.amazon.code.question.code_question.TestCharPlusValueMethod" name="testValueNotInList2"/>
  <testcase time="0.01" classname="com.amazon.code.question.code_question.TestCharPlusValueMethod" name="testValueNotInList3"/>
  <testcase time="0.002" classname="com.amazon.code.question.code_question.TestCharPlusValueMethod" name="testValueNotInList4"/>
  <testcase time="0.001" classname="com.amazon.code.question.code_question.TestCharPlusValueMethod" name="testValueNotInList5"/>
  <testcase time="0.003" classname="com.amazon.code.question.code_question.TestCharPlusValueMethod" name="testValueNotInList6"/>
</testsuite>